Aquest fitxer `logs/registre.log` guarda els esdeveniments importants del sistema:
- Errors d’execució
- Operacions d’usuari
- Connexions a la base de dades
- Activitats del sistema (alta, baixa, modificació, etc.)

És útil per fer depuració i seguiment d’errors.

----------------

2025-04-25 16:53:57 - LOGIN - Admin
2025-04-25 17:50:36 - LOGIN - Admin
2025-04-25 18:29:22 - LOGIN - Alex
2025-04-25 18:30:11 - LOGIN - Alex
2025-05-02 18:49:50 - REGISTRE - amc
2025-05-02 18:49:58 - LOGIN - amc
2025-05-02 18:51:57 - LOGIN - amc
2025-05-02 19:21:01 - LOGIN - amc
2025-05-15 15:50:05 - REGISTRE - admin
2025-05-15 15:50:12 - LOGIN - admin
2025-05-16 22:57:27 - LOGIN - admin
2025-05-16 23:09:19 - LOGIN - admin
2025-05-20 02:38:07 - LOGIN - admin
2025-05-20 15:24:57 - LOGIN - admin
2025-05-20 15:25:29 - LOGIN - admin
2025-05-20 15:38:24 - LOGIN - admin
2025-05-20 15:39:30 - LOGIN - admin
2025-05-20 15:41:17 - LOGIN - admin
2025-05-20 15:47:52 - LOGIN - admin
2025-05-20 15:52:28 - LOGIN - admin
2025-05-20 15:54:08 - LOGIN - admin
2025-05-20 15:55:13 - LOGIN - admin
2025-05-20 15:56:06 - LOGIN - admin
2025-05-20 15:57:20 - LOGIN - admin
2025-05-20 15:57:43 - LOGIN - admin
2025-05-20 16:05:28 - LOGIN - admin
2025-05-22 15:52:37 - LOGIN - admin
2025-05-22 16:28:41 - LOGIN - admin
2025-05-22 16:30:59 - LOGIN - admin
2025-05-22 16:37:37 - LOGIN - admin
2025-05-22 17:02:31 - LOGIN - admin
2025-05-22 17:41:16 - LOGIN - admin
2025-05-22 18:02:27 - LOGIN - admin
2025-05-22 18:20:03 - REGISTRE - admin
2025-05-22 18:22:25 - LOGIN - admin
2025-05-22 18:26:20 - LOGIN - admin
2025-05-22 18:34:33 - REGISTRE - usuari1
2025-05-22 18:34:42 - LOGIN - usuari1
2025-05-22 18:35:16 - LOGIN - admin
2025-05-22 18:36:40 - LOGIN - usuari1
2025-05-22 18:41:48 - REGISTRE - alex
2025-05-22 18:41:53 - LOGIN - alex
2025-05-22 19:07:22 - LOGIN - admin
2025-05-22 19:11:20 - LOGIN - admin
2025-05-22 21:35:04 - LOGIN - admin
2025-05-23 15:05:24 - REGISTRE - Denis
2025-05-23 15:05:31 - LOGIN - Denis
2025-05-23 15:07:52 - LOGIN - Denis
2025-05-23 15:13:00 - LOGIN - admin
2025-05-23 15:17:08 - LOGIN - admin
